
> royalgames-client@0.2.0 start
> react-scripts start

(node:970) [DEP_WEBPACK_DEV_SERVER_ON_AFTER_SETUP_MIDDLEWARE] DeprecationWarning: 'onAfterSetupMiddleware' option is deprecated. Please use the 'setupMiddlewares' option.
(Use `node --trace-deprecation ...` to show where the warning was created)
(node:970) [DEP_WEBPACK_DEV_SERVER_ON_BEFORE_SETUP_MIDDLEWARE] DeprecationWarning: 'onBeforeSetupMiddleware' option is deprecated. Please use the 'setupMiddlewares' option.
Starting the development server...

Compiled with warnings.

[eslint] 
src/features/game/Game.js
  Line 5:10:  'socket' is defined but never used  no-unused-vars
  Line 24:9:  The Function constructor is eval    no-new-func

src/features/header/Header.js
  Line 6:10:  'socket' is defined but never used  no-unused-vars

src/features/slot/Reel.js
  Line 105:23:  Expected '===' and instead saw '=='  eqeqeq

src/features/slot/ReelsController.js
  Line 72:51:  Expected '===' and instead saw '=='  eqeqeq

src/features/slot/SlotGame.js
  Line 193:63:  Expected '===' and instead saw '=='  eqeqeq
  Line 199:26:  Expected '===' and instead saw '=='  eqeqeq

Search for the keywords to learn more about each warning.
To ignore, add // eslint-disable-next-line to the line before.

LOG from ./node_modules/sass-loader/dist/cjs.js sass-loader ./node_modules/css-loader/dist/cjs.js??ruleSet[1].rules[1].oneOf[7].use[1]!./node_modules/postcss-loader/dist/cjs.js??ruleSet[1].rules[1].oneOf[7].use[2]!./node_modules/resolve-url-loader/index.js??ruleSet[1].rules[1].oneOf[7].use[3]!./node_modules/sass-loader/dist/cjs.js??ruleSet[1].rules[1].oneOf[7].use[4]!./src/App.scss
<w> Deprecation The legacy JS API is deprecated and will be removed in Dart Sass 2.0.0.
<w> 
<w> More info: https://sass-lang.com/d/legacy-js-api
<w> 
<w> null

LOG from ./node_modules/sass-loader/dist/cjs.js sass-loader ./node_modules/css-loader/dist/cjs.js??ruleSet[1].rules[1].oneOf[7].use[1]!./node_modules/postcss-loader/dist/cjs.js??ruleSet[1].rules[1].oneOf[7].use[2]!./node_modules/resolve-url-loader/index.js??ruleSet[1].rules[1].oneOf[7].use[3]!./node_modules/sass-loader/dist/cjs.js??ruleSet[1].rules[1].oneOf[7].use[4]!./src/features/header/Header.scss
<w> Deprecation The legacy JS API is deprecated and will be removed in Dart Sass 2.0.0.
<w> 
<w> More info: https://sass-lang.com/d/legacy-js-api
<w> 
<w> null

LOG from ./node_modules/sass-loader/dist/cjs.js sass-loader ./node_modules/css-loader/dist/cjs.js??ruleSet[1].rules[1].oneOf[7].use[1]!./node_modules/postcss-loader/dist/cjs.js??ruleSet[1].rules[1].oneOf[7].use[2]!./node_modules/resolve-url-loader/index.js??ruleSet[1].rules[1].oneOf[7].use[3]!./node_modules/sass-loader/dist/cjs.js??ruleSet[1].rules[1].oneOf[7].use[4]!./src/features/game/Game.scss
<w> Deprecation The legacy JS API is deprecated and will be removed in Dart Sass 2.0.0.
<w> 
<w> More info: https://sass-lang.com/d/legacy-js-api
<w> 
<w> null

LOG from ./node_modules/sass-loader/dist/cjs.js sass-loader ./node_modules/css-loader/dist/cjs.js??ruleSet[1].rules[1].oneOf[7].use[1]!./node_modules/postcss-loader/dist/cjs.js??ruleSet[1].rules[1].oneOf[7].use[2]!./node_modules/resolve-url-loader/index.js??ruleSet[1].rules[1].oneOf[7].use[3]!./node_modules/sass-loader/dist/cjs.js??ruleSet[1].rules[1].oneOf[7].use[4]!./src/features/game-list/GameList.scss
<w> Deprecation The legacy JS API is deprecated and will be removed in Dart Sass 2.0.0.
<w> 
<w> More info: https://sass-lang.com/d/legacy-js-api
<w> 
<w> null

WARNING in [eslint] 
src/features/game/Game.js
  Line 5:10:  'socket' is defined but never used  no-unused-vars
  Line 24:9:  The Function constructor is eval    no-new-func

src/features/header/Header.js
  Line 6:10:  'socket' is defined but never used  no-unused-vars

src/features/slot/Reel.js
  Line 105:23:  Expected '===' and instead saw '=='  eqeqeq

src/features/slot/ReelsController.js
  Line 72:51:  Expected '===' and instead saw '=='  eqeqeq

src/features/slot/SlotGame.js
  Line 193:63:  Expected '===' and instead saw '=='  eqeqeq
  Line 199:26:  Expected '===' and instead saw '=='  eqeqeq

webpack compiled with 1 warning
